2026-03-28 21:37:39,405 | INFO | Run: 20260328_213739 | loss=bpr | dim=64 | lr=0.005 | reg1=0.01 | reg2=0.01
2026-03-28 21:37:39,405 | INFO | Log dir: train_logs/MF/2016-06-30_2018-06-30_20260328_213739_bpr_dim64
2026-03-28 21:37:54,921 | INFO | Loading data from 2016-06-30 to 2018-06-30 ...
2026-03-28 21:37:55,099 | INFO | Raw interactions: 3,328,286
2026-03-28 21:37:55,139 | INFO | After rating >= 3.0: 2,708,929
2026-03-28 21:37:55,397 | INFO | After co-filtering (iters=4): 2,632,046 interactions | 21,652 users | 10,843 items
2026-03-28 21:37:56,111 | INFO | Encoded 21,652 users and 10,843 items
2026-03-28 21:37:56,145 | INFO | Model initialised | mu=3.9683
2026-03-28 21:37:56,235 | INFO | Building per-user positive sets for negative sampling ...
2026-03-28 21:41:40,262 | INFO | Epoch   1/30 | loss=0.677636 | time=223.0s
2026-03-28 21:45:23,333 | INFO | Epoch   2/30 | loss=0.666341 | time=223.1s
2026-03-28 21:49:06,076 | INFO | Epoch   3/30 | loss=0.625761 | time=222.7s
2026-03-28 21:52:49,131 | INFO | Epoch   4/30 | loss=0.582146 | time=223.1s
2026-03-28 21:56:31,813 | INFO | Epoch   5/30 | loss=0.540785 | time=222.7s
2026-03-28 22:00:20,356 | INFO | Epoch   6/30 | loss=0.506132 | time=228.5s
2026-03-28 22:04:29,415 | INFO | Epoch   7/30 | loss=0.480550 | time=249.1s
2026-03-28 22:08:12,620 | INFO | Epoch   8/30 | loss=0.461673 | time=223.2s
2026-03-28 22:11:55,079 | INFO | Epoch   9/30 | loss=0.447355 | time=222.5s
2026-03-28 22:15:37,867 | INFO | Epoch  10/30 | loss=0.435733 | time=222.8s
2026-03-28 22:19:20,311 | INFO | Epoch  11/30 | loss=0.426289 | time=222.4s
2026-03-28 22:23:03,106 | INFO | Epoch  12/30 | loss=0.418094 | time=222.8s
2026-03-28 22:26:49,300 | INFO | Epoch  13/30 | loss=0.411088 | time=226.2s
2026-03-28 22:30:32,199 | INFO | Epoch  14/30 | loss=0.404752 | time=222.9s
2026-03-28 22:34:14,694 | INFO | Epoch  15/30 | loss=0.399227 | time=222.5s
2026-03-28 22:37:57,617 | INFO | Epoch  16/30 | loss=0.393791 | time=222.9s
2026-03-28 22:41:39,937 | INFO | Epoch  17/30 | loss=0.389118 | time=222.3s
2026-03-28 22:45:22,808 | INFO | Epoch  18/30 | loss=0.384832 | time=222.9s
2026-03-28 22:49:05,295 | INFO | Epoch  19/30 | loss=0.380767 | time=222.5s
2026-03-28 22:52:48,156 | INFO | Epoch  20/30 | loss=0.377308 | time=222.9s
2026-03-28 22:56:30,603 | INFO | Epoch  21/30 | loss=0.373461 | time=222.4s
2026-03-28 23:00:13,481 | INFO | Epoch  22/30 | loss=0.370174 | time=222.9s
2026-03-28 23:03:55,923 | INFO | Epoch  23/30 | loss=0.367159 | time=222.4s
2026-03-28 23:07:38,449 | INFO | Epoch  24/30 | loss=0.364403 | time=222.5s
2026-03-28 23:11:20,975 | INFO | Epoch  25/30 | loss=0.361647 | time=222.5s
2026-03-28 23:15:03,925 | INFO | Epoch  26/30 | loss=0.359020 | time=222.9s
2026-03-28 23:18:46,301 | INFO | Epoch  27/30 | loss=0.356554 | time=222.4s
2026-03-28 23:22:29,010 | INFO | Epoch  28/30 | loss=0.354484 | time=222.7s
2026-03-28 23:26:11,511 | INFO | Epoch  29/30 | loss=0.352117 | time=222.5s
2026-03-28 23:29:54,402 | INFO | Epoch  30/30 | loss=0.350198 | time=222.9s
2026-03-28 23:29:54,402 | INFO | Training complete in 6717.1s
2026-03-28 23:29:54,407 | INFO | Saved embeddings → train_logs/MF/2016-06-30_2018-06-30_20260328_213739_bpr_dim64
2026-03-28 23:29:54,513 | INFO | Loss curve saved → train_logs/MF/2016-06-30_2018-06-30_20260328_213739_bpr_dim64/loss_curve.png
2026-03-28 23:29:54,513 | INFO | Training run saved → train_logs/MF/2016-06-30_2018-06-30_20260328_213739_bpr_dim64
2026-03-28 23:29:54,513 | INFO | ============================================================
2026-03-28 23:29:54,513 | INFO | Starting multi-month evaluation ...
2026-03-28 23:29:54,513 | INFO | ============================================================
2026-03-28 23:29:55,595 | INFO | 
Eval window 1: 2018-06-30 → 2018-07-30
2026-03-28 23:29:59,407 | INFO |   Saved 101,650 recommendation rows → recs_window_01.csv
2026-03-28 23:29:59,593 | INFO |   Window 1 | min_ratings=10 | K= 5 | Recall@5=0.0805 | NDCG@5=0.0859 | users=502
2026-03-28 23:29:59,734 | INFO |   Window 1 | min_ratings=10 | K=10 | Recall@10=0.0761 | NDCG@10=0.0812 | users=502
2026-03-28 23:29:59,880 | INFO |   Window 1 | min_ratings=10 | K=20 | Recall@20=0.0784 | NDCG@20=0.0804 | users=502
2026-03-28 23:29:59,933 | INFO | 
Eval window 2: 2018-07-30 → 2018-08-30
2026-03-28 23:30:03,425 | INFO |   Saved 94,800 recommendation rows → recs_window_02.csv
2026-03-28 23:30:03,588 | INFO |   Window 2 | min_ratings=10 | K= 5 | Recall@5=0.0688 | NDCG@5=0.0699 | users=439
2026-03-28 23:30:03,709 | INFO |   Window 2 | min_ratings=10 | K=10 | Recall@10=0.0592 | NDCG@10=0.0628 | users=439
2026-03-28 23:30:03,834 | INFO |   Window 2 | min_ratings=10 | K=20 | Recall@20=0.0675 | NDCG@20=0.0663 | users=439
2026-03-28 23:30:03,882 | INFO | 
Eval window 3: 2018-08-30 → 2018-09-30
2026-03-28 23:30:07,121 | INFO |   Saved 86,250 recommendation rows → recs_window_03.csv
2026-03-28 23:30:07,265 | INFO |   Window 3 | min_ratings=10 | K= 5 | Recall@5=0.0554 | NDCG@5=0.0547 | users=368
2026-03-28 23:30:07,370 | INFO |   Window 3 | min_ratings=10 | K=10 | Recall@10=0.0511 | NDCG@10=0.0520 | users=368
2026-03-28 23:30:07,477 | INFO |   Window 3 | min_ratings=10 | K=20 | Recall@20=0.0577 | NDCG@20=0.0552 | users=368
2026-03-28 23:30:07,521 | INFO | 
Eval window 4: 2018-09-30 → 2018-10-30
2026-03-28 23:30:10,799 | INFO |   Saved 81,150 recommendation rows → recs_window_04.csv
2026-03-28 23:30:10,920 | INFO |   Window 4 | min_ratings=10 | K= 5 | Recall@5=0.0643 | NDCG@5=0.0671 | users=305
2026-03-28 23:30:11,003 | INFO |   Window 4 | min_ratings=10 | K=10 | Recall@10=0.0649 | NDCG@10=0.0669 | users=305
2026-03-28 23:30:11,090 | INFO |   Window 4 | min_ratings=10 | K=20 | Recall@20=0.0619 | NDCG@20=0.0635 | users=305
2026-03-28 23:30:11,132 | INFO | 
Eval window 5: 2018-10-30 → 2018-11-30
2026-03-28 23:30:14,375 | INFO |   Saved 82,900 recommendation rows → recs_window_05.csv
2026-03-28 23:30:14,503 | INFO |   Window 5 | min_ratings=10 | K= 5 | Recall@5=0.0506 | NDCG@5=0.0535 | users=328
2026-03-28 23:30:14,594 | INFO |   Window 5 | min_ratings=10 | K=10 | Recall@10=0.0479 | NDCG@10=0.0505 | users=328
2026-03-28 23:30:14,686 | INFO |   Window 5 | min_ratings=10 | K=20 | Recall@20=0.0483 | NDCG@20=0.0488 | users=328
2026-03-28 23:30:14,729 | INFO | 
Eval summary saved → train_logs/MF/2016-06-30_2018-06-30_20260328_213739_bpr_dim64/eval_summary.csv
2026-03-28 23:30:14,824 | INFO | Plot saved → train_logs/MF/2016-06-30_2018-06-30_20260328_213739_bpr_dim64/recall_over_time.png
2026-03-28 23:30:14,919 | INFO | Plot saved → train_logs/MF/2016-06-30_2018-06-30_20260328_213739_bpr_dim64/ndcg_over_time.png
2026-03-28 23:30:14,919 | INFO | 
All done. Everything saved in: train_logs/MF/2016-06-30_2018-06-30_20260328_213739_bpr_dim64
