2026-03-19 18:33:53,005 | INFO | Run: 20260319_183353 | loss=mse | dim=64 | lr=0.005 | reg1=0.01 | reg2=0.01
2026-03-19 18:33:53,005 | INFO | Log dir: train_logs/MF/2018-01-01_2018-06-30_20260319_183353_mse_dim64
2026-03-19 18:34:09,358 | INFO | Loading data from 2018-01-01 to 2018-06-30 ...
2026-03-19 18:34:09,468 | INFO | Raw interactions: 651,633
2026-03-19 18:34:09,477 | INFO | After rating >= 3.0: 532,709
2026-03-19 18:34:09,539 | INFO | After co-filtering (iters=5): 482,685 interactions | 6,245 users | 4,892 items
2026-03-19 18:34:09,669 | INFO | Encoded 6,245 users and 4,892 items
2026-03-19 18:34:09,681 | INFO | Model initialised | mu=3.9852
2026-03-19 18:34:10,888 | INFO | Epoch   1/20 | loss=0.375604 | time=1.2s
2026-03-19 18:34:11,132 | INFO | Epoch   2/20 | loss=0.331228 | time=0.2s
2026-03-19 18:34:11,374 | INFO | Epoch   3/20 | loss=0.317134 | time=0.2s
2026-03-19 18:34:11,616 | INFO | Epoch   4/20 | loss=0.309723 | time=0.2s
2026-03-19 18:34:11,873 | INFO | Epoch   5/20 | loss=0.305116 | time=0.3s
2026-03-19 18:34:12,116 | INFO | Epoch   6/20 | loss=0.301993 | time=0.2s
2026-03-19 18:34:12,359 | INFO | Epoch   7/20 | loss=0.299750 | time=0.2s
2026-03-19 18:34:12,601 | INFO | Epoch   8/20 | loss=0.298070 | time=0.2s
2026-03-19 18:34:12,844 | INFO | Epoch   9/20 | loss=0.296760 | time=0.2s
2026-03-19 18:34:13,085 | INFO | Epoch  10/20 | loss=0.295728 | time=0.2s
2026-03-19 18:34:13,329 | INFO | Epoch  11/20 | loss=0.294907 | time=0.2s
2026-03-19 18:34:13,570 | INFO | Epoch  12/20 | loss=0.294200 | time=0.2s
2026-03-19 18:34:13,814 | INFO | Epoch  13/20 | loss=0.293581 | time=0.2s
2026-03-19 18:34:14,055 | INFO | Epoch  14/20 | loss=0.293091 | time=0.2s
2026-03-19 18:34:14,297 | INFO | Epoch  15/20 | loss=0.292643 | time=0.2s
2026-03-19 18:34:14,539 | INFO | Epoch  16/20 | loss=0.292191 | time=0.2s
2026-03-19 18:34:14,783 | INFO | Epoch  17/20 | loss=0.291795 | time=0.2s
2026-03-19 18:34:15,025 | INFO | Epoch  18/20 | loss=0.291367 | time=0.2s
2026-03-19 18:34:15,267 | INFO | Epoch  19/20 | loss=0.290940 | time=0.2s
2026-03-19 18:34:15,508 | INFO | Epoch  20/20 | loss=0.290481 | time=0.2s
2026-03-19 18:34:15,508 | INFO | Training complete in 5.8s
2026-03-19 18:34:15,511 | INFO | Saved embeddings → train_logs/MF/2018-01-01_2018-06-30_20260319_183353_mse_dim64
2026-03-19 18:34:15,608 | INFO | Loss curve saved → train_logs/MF/2018-01-01_2018-06-30_20260319_183353_mse_dim64/loss_curve.png
2026-03-19 18:34:15,608 | INFO | Training run saved → train_logs/MF/2018-01-01_2018-06-30_20260319_183353_mse_dim64
2026-03-19 18:34:15,608 | INFO | ============================================================
2026-03-19 18:34:15,608 | INFO | Starting multi-month evaluation ...
2026-03-19 18:34:15,608 | INFO | ============================================================
2026-03-19 18:34:15,882 | INFO | 
Eval window 1: 2018-06-30 → 2018-07-30
2026-03-19 18:34:17,418 | INFO |   Saved 76,600 recommendation rows → recs_window_01.csv
2026-03-19 18:34:17,557 | INFO |   Window 1 | min_ratings=10 | K= 5 | Recall@5=0.0170 | NDCG@5=0.0194 | users=376
2026-03-19 18:34:17,659 | INFO |   Window 1 | min_ratings=10 | K=10 | Recall@10=0.0133 | NDCG@10=0.0162 | users=376
2026-03-19 18:34:17,763 | INFO |   Window 1 | min_ratings=10 | K=20 | Recall@20=0.0123 | NDCG@20=0.0148 | users=376
2026-03-19 18:34:17,804 | INFO | 
Eval window 2: 2018-07-30 → 2018-08-30
2026-03-19 18:34:19,219 | INFO |   Saved 69,500 recommendation rows → recs_window_02.csv
2026-03-19 18:34:19,330 | INFO |   Window 2 | min_ratings=10 | K= 5 | Recall@5=0.0076 | NDCG@5=0.0086 | users=288
2026-03-19 18:34:19,407 | INFO |   Window 2 | min_ratings=10 | K=10 | Recall@10=0.0083 | NDCG@10=0.0089 | users=288
2026-03-19 18:34:19,487 | INFO |   Window 2 | min_ratings=10 | K=20 | Recall@20=0.0087 | NDCG@20=0.0089 | users=288
2026-03-19 18:34:19,523 | INFO | 
Eval window 3: 2018-08-30 → 2018-09-30
2026-03-19 18:34:20,853 | INFO |   Saved 62,900 recommendation rows → recs_window_03.csv
2026-03-19 18:34:20,946 | INFO |   Window 3 | min_ratings=10 | K= 5 | Recall@5=0.0101 | NDCG@5=0.0091 | users=237
2026-03-19 18:34:21,011 | INFO |   Window 3 | min_ratings=10 | K=10 | Recall@10=0.0110 | NDCG@10=0.0101 | users=237
2026-03-19 18:34:21,076 | INFO |   Window 3 | min_ratings=10 | K=20 | Recall@20=0.0103 | NDCG@20=0.0097 | users=237
2026-03-19 18:34:21,109 | INFO | 
Eval window 4: 2018-09-30 → 2018-10-30
2026-03-19 18:34:22,550 | INFO |   Saved 57,250 recommendation rows → recs_window_04.csv
2026-03-19 18:34:22,624 | INFO |   Window 4 | min_ratings=10 | K= 5 | Recall@5=0.0164 | NDCG@5=0.0187 | users=171
2026-03-19 18:34:22,670 | INFO |   Window 4 | min_ratings=10 | K=10 | Recall@10=0.0117 | NDCG@10=0.0146 | users=171
2026-03-19 18:34:22,717 | INFO |   Window 4 | min_ratings=10 | K=20 | Recall@20=0.0115 | NDCG@20=0.0132 | users=171
2026-03-19 18:34:22,747 | INFO | 
Eval window 5: 2018-10-30 → 2018-11-30
2026-03-19 18:34:24,392 | INFO |   Saved 58,200 recommendation rows → recs_window_05.csv
2026-03-19 18:34:24,475 | INFO |   Window 5 | min_ratings=10 | K= 5 | Recall@5=0.0086 | NDCG@5=0.0087 | users=209
2026-03-19 18:34:24,531 | INFO |   Window 5 | min_ratings=10 | K=10 | Recall@10=0.0072 | NDCG@10=0.0078 | users=209
2026-03-19 18:34:24,589 | INFO |   Window 5 | min_ratings=10 | K=20 | Recall@20=0.0095 | NDCG@20=0.0091 | users=209
2026-03-19 18:34:24,619 | INFO | 
Eval summary saved → train_logs/MF/2018-01-01_2018-06-30_20260319_183353_mse_dim64/eval_summary.csv
2026-03-19 18:34:24,709 | INFO | Plot saved → train_logs/MF/2018-01-01_2018-06-30_20260319_183353_mse_dim64/recall_over_time.png
2026-03-19 18:34:24,801 | INFO | Plot saved → train_logs/MF/2018-01-01_2018-06-30_20260319_183353_mse_dim64/ndcg_over_time.png
2026-03-19 18:34:24,801 | INFO | 
All done. Everything saved in: train_logs/MF/2018-01-01_2018-06-30_20260319_183353_mse_dim64
