2026-04-01 21:15:17,688 | INFO | Run: 20260401_211517 | loss=bpr | dim=64 | lr=0.005 | reg1=0.01 | reg2=0.01
2026-04-01 21:15:17,688 | INFO | Log dir: train_logs/MF/2018-01-01_2018-06-30_20260401_211517_bpr_dim64
2026-04-01 21:15:35,056 | INFO | Loading data from 2018-01-01 to 2018-06-30 ...
2026-04-01 21:15:35,171 | INFO | Raw interactions: 651,633
2026-04-01 21:15:35,182 | INFO | After rating >= 3.0: 532,709
2026-04-01 21:15:35,252 | INFO | After co-filtering (iters=5): 482,685 interactions | 6,245 users | 4,892 items
2026-04-01 21:15:35,391 | INFO | Encoded 6,245 users and 4,892 items
2026-04-01 21:15:35,403 | INFO | Model initialised | mu=3.9852
2026-04-01 21:15:35,423 | INFO | Building per-user positive sets for negative sampling ...
2026-04-01 21:16:01,928 | INFO | Epoch   1/30 | loss=0.684331 | time=26.2s
2026-04-01 21:16:26,340 | INFO | Epoch   2/30 | loss=0.683580 | time=24.4s
2026-04-01 21:16:50,383 | INFO | Epoch   3/30 | loss=0.683246 | time=24.0s
2026-04-01 21:17:14,492 | INFO | Epoch   4/30 | loss=0.679242 | time=24.1s
2026-04-01 21:17:38,510 | INFO | Epoch   5/30 | loss=0.664742 | time=24.0s
2026-04-01 21:18:02,754 | INFO | Epoch   6/30 | loss=0.644707 | time=24.2s
2026-04-01 21:18:26,909 | INFO | Epoch   7/30 | loss=0.620168 | time=24.2s
2026-04-01 21:18:51,101 | INFO | Epoch   8/30 | loss=0.592256 | time=24.2s
2026-04-01 21:19:15,033 | INFO | Epoch   9/30 | loss=0.564280 | time=23.9s
2026-04-01 21:19:39,155 | INFO | Epoch  10/30 | loss=0.538276 | time=24.1s
2026-04-01 21:20:02,957 | INFO | Epoch  11/30 | loss=0.515299 | time=23.8s
2026-04-01 21:20:27,136 | INFO | Epoch  12/30 | loss=0.497763 | time=24.2s
2026-04-01 21:20:52,176 | INFO | Epoch  13/30 | loss=0.481863 | time=25.0s
2026-04-01 21:21:17,530 | INFO | Epoch  14/30 | loss=0.468430 | time=25.4s
2026-04-01 21:21:43,222 | INFO | Epoch  15/30 | loss=0.456870 | time=25.7s
2026-04-01 21:22:07,252 | INFO | Epoch  16/30 | loss=0.446357 | time=24.0s
2026-04-01 21:22:32,090 | INFO | Epoch  17/30 | loss=0.436938 | time=24.8s
2026-04-01 21:22:57,974 | INFO | Epoch  18/30 | loss=0.428013 | time=25.9s
2026-04-01 21:23:22,485 | INFO | Epoch  19/30 | loss=0.420448 | time=24.5s
2026-04-01 21:23:46,537 | INFO | Epoch  20/30 | loss=0.413510 | time=24.1s
2026-04-01 21:24:10,695 | INFO | Epoch  21/30 | loss=0.407226 | time=24.2s
2026-04-01 21:24:34,717 | INFO | Epoch  22/30 | loss=0.400676 | time=24.0s
2026-04-01 21:24:58,642 | INFO | Epoch  23/30 | loss=0.394544 | time=23.9s
2026-04-01 21:25:22,673 | INFO | Epoch  24/30 | loss=0.389492 | time=24.0s
2026-04-01 21:25:46,599 | INFO | Epoch  25/30 | loss=0.384086 | time=23.9s
2026-04-01 21:26:10,707 | INFO | Epoch  26/30 | loss=0.379060 | time=24.1s
2026-04-01 21:26:34,706 | INFO | Epoch  27/30 | loss=0.374911 | time=24.0s
2026-04-01 21:26:58,744 | INFO | Epoch  28/30 | loss=0.369968 | time=24.0s
2026-04-01 21:27:22,683 | INFO | Epoch  29/30 | loss=0.365739 | time=23.9s
2026-04-01 21:27:46,752 | INFO | Epoch  30/30 | loss=0.362057 | time=24.1s
2026-04-01 21:27:46,752 | INFO | Training complete in 731.1s
2026-04-01 21:27:46,755 | INFO | Saved embeddings → train_logs/MF/2018-01-01_2018-06-30_20260401_211517_bpr_dim64
2026-04-01 21:27:46,862 | INFO | Loss curve saved → train_logs/MF/2018-01-01_2018-06-30_20260401_211517_bpr_dim64/loss_curve.png
2026-04-01 21:27:46,862 | INFO | Training run saved → train_logs/MF/2018-01-01_2018-06-30_20260401_211517_bpr_dim64
2026-04-01 21:27:46,862 | INFO | ============================================================
2026-04-01 21:27:46,862 | INFO | Starting multi-month evaluation ...
2026-04-01 21:27:46,862 | INFO | ============================================================
2026-04-01 21:27:47,118 | INFO | 
Eval window 1: 2018-06-30 → 2018-07-30
2026-04-01 21:27:53,217 | INFO |   Saved 919,200 recommendation rows → recs_window_01.csv
2026-04-01 21:27:53,446 | INFO |   Window 1 | min_ratings=10 | K= 5 | Recall@5=0.0846 | NDCG@5=0.0901 | users=376
2026-04-01 21:27:53,636 | INFO |   Window 1 | min_ratings=10 | K=10 | Recall@10=0.0830 | NDCG@10=0.0872 | users=376
2026-04-01 21:27:53,830 | INFO |   Window 1 | min_ratings=10 | K=20 | Recall@20=0.0892 | NDCG@20=0.0896 | users=376
2026-04-01 21:27:54,033 | INFO |   Window 1 | min_ratings=10 | K=100 | Recall@100=0.1848 | NDCG@100=0.1323 | users=376
2026-04-01 21:27:54,254 | INFO |   Window 1 | min_ratings=10 | K=300 | Recall@300=0.3285 | NDCG@300=0.1883 | users=376
2026-04-01 21:27:54,490 | INFO |   Window 1 | min_ratings=10 | K=500 | Recall@500=0.4173 | NDCG@500=0.2194 | users=376
2026-04-01 21:27:54,531 | INFO | 
Eval window 2: 2018-07-30 → 2018-08-30
2026-04-01 21:27:59,841 | INFO |   Saved 834,000 recommendation rows → recs_window_02.csv
2026-04-01 21:28:00,027 | INFO |   Window 2 | min_ratings=10 | K= 5 | Recall@5=0.0833 | NDCG@5=0.0828 | users=288
2026-04-01 21:28:00,172 | INFO |   Window 2 | min_ratings=10 | K=10 | Recall@10=0.0722 | NDCG@10=0.0753 | users=288
2026-04-01 21:28:00,313 | INFO |   Window 2 | min_ratings=10 | K=20 | Recall@20=0.0753 | NDCG@20=0.0753 | users=288
2026-04-01 21:28:00,465 | INFO |   Window 2 | min_ratings=10 | K=100 | Recall@100=0.1654 | NDCG@100=0.1158 | users=288
2026-04-01 21:28:00,623 | INFO |   Window 2 | min_ratings=10 | K=300 | Recall@300=0.3023 | NDCG@300=0.1665 | users=288
2026-04-01 21:28:00,795 | INFO |   Window 2 | min_ratings=10 | K=500 | Recall@500=0.3839 | NDCG@500=0.1940 | users=288
2026-04-01 21:28:00,831 | INFO | 
Eval window 3: 2018-08-30 → 2018-09-30
2026-04-01 21:28:06,007 | INFO |   Saved 754,800 recommendation rows → recs_window_03.csv
2026-04-01 21:28:06,150 | INFO |   Window 3 | min_ratings=10 | K= 5 | Recall@5=0.0549 | NDCG@5=0.0594 | users=237
2026-04-01 21:28:06,261 | INFO |   Window 3 | min_ratings=10 | K=10 | Recall@10=0.0544 | NDCG@10=0.0574 | users=237
2026-04-01 21:28:06,372 | INFO |   Window 3 | min_ratings=10 | K=20 | Recall@20=0.0585 | NDCG@20=0.0581 | users=237
2026-04-01 21:28:06,494 | INFO |   Window 3 | min_ratings=10 | K=100 | Recall@100=0.1513 | NDCG@100=0.1005 | users=237
2026-04-01 21:28:06,622 | INFO |   Window 3 | min_ratings=10 | K=300 | Recall@300=0.2900 | NDCG@300=0.1526 | users=237
2026-04-01 21:28:06,764 | INFO |   Window 3 | min_ratings=10 | K=500 | Recall@500=0.3797 | NDCG@500=0.1823 | users=237
2026-04-01 21:28:06,797 | INFO | 
Eval window 4: 2018-09-30 → 2018-10-30
2026-04-01 21:28:10,852 | INFO |   Saved 687,000 recommendation rows → recs_window_04.csv
2026-04-01 21:28:10,955 | INFO |   Window 4 | min_ratings=10 | K= 5 | Recall@5=0.0573 | NDCG@5=0.0588 | users=171
2026-04-01 21:28:11,029 | INFO |   Window 4 | min_ratings=10 | K=10 | Recall@10=0.0450 | NDCG@10=0.0497 | users=171
2026-04-01 21:28:11,108 | INFO |   Window 4 | min_ratings=10 | K=20 | Recall@20=0.0533 | NDCG@20=0.0527 | users=171
2026-04-01 21:28:11,191 | INFO |   Window 4 | min_ratings=10 | K=100 | Recall@100=0.1407 | NDCG@100=0.0914 | users=171
2026-04-01 21:28:11,277 | INFO |   Window 4 | min_ratings=10 | K=300 | Recall@300=0.2681 | NDCG@300=0.1384 | users=171
2026-04-01 21:28:11,370 | INFO |   Window 4 | min_ratings=10 | K=500 | Recall@500=0.3601 | NDCG@500=0.1674 | users=171
2026-04-01 21:28:11,400 | INFO | 
Eval window 5: 2018-10-30 → 2018-11-30
2026-04-01 21:28:15,685 | INFO |   Saved 698,400 recommendation rows → recs_window_05.csv
2026-04-01 21:28:15,806 | INFO |   Window 5 | min_ratings=10 | K= 5 | Recall@5=0.0507 | NDCG@5=0.0484 | users=209
2026-04-01 21:28:15,902 | INFO |   Window 5 | min_ratings=10 | K=10 | Recall@10=0.0478 | NDCG@10=0.0472 | users=209
2026-04-01 21:28:15,998 | INFO |   Window 5 | min_ratings=10 | K=20 | Recall@20=0.0495 | NDCG@20=0.0469 | users=209
2026-04-01 21:28:16,097 | INFO |   Window 5 | min_ratings=10 | K=100 | Recall@100=0.1277 | NDCG@100=0.0823 | users=209
2026-04-01 21:28:16,202 | INFO |   Window 5 | min_ratings=10 | K=300 | Recall@300=0.2654 | NDCG@300=0.1337 | users=209
2026-04-01 21:28:16,313 | INFO |   Window 5 | min_ratings=10 | K=500 | Recall@500=0.3635 | NDCG@500=0.1656 | users=209
2026-04-01 21:28:16,343 | INFO | 
Eval summary saved → train_logs/MF/2018-01-01_2018-06-30_20260401_211517_bpr_dim64/eval_summary.csv
2026-04-01 21:28:16,452 | INFO | Plot saved → train_logs/MF/2018-01-01_2018-06-30_20260401_211517_bpr_dim64/recall_over_time.png
2026-04-01 21:28:16,560 | INFO | Plot saved → train_logs/MF/2018-01-01_2018-06-30_20260401_211517_bpr_dim64/ndcg_over_time.png
2026-04-01 21:28:16,560 | INFO | 
All done. Everything saved in: train_logs/MF/2018-01-01_2018-06-30_20260401_211517_bpr_dim64
