2026-03-19 18:34:40,113 | INFO | Run: 20260319_183440 | loss=bpr | dim=64 | lr=0.005 | reg1=0.01 | reg2=0.01
2026-03-19 18:34:40,113 | INFO | Log dir: train_logs/MF/2018-01-01_2018-06-30_20260319_183440_bpr_dim64
2026-03-19 18:34:56,028 | INFO | Loading data from 2018-01-01 to 2018-06-30 ...
2026-03-19 18:34:56,139 | INFO | Raw interactions: 651,633
2026-03-19 18:34:56,150 | INFO | After rating >= 3.0: 532,709
2026-03-19 18:34:56,210 | INFO | After co-filtering (iters=5): 482,685 interactions | 6,245 users | 4,892 items
2026-03-19 18:34:56,341 | INFO | Encoded 6,245 users and 4,892 items
2026-03-19 18:34:56,353 | INFO | Model initialised | mu=3.9852
2026-03-19 18:34:56,372 | INFO | Building per-user positive sets for negative sampling ...
2026-03-19 18:35:21,470 | INFO | Epoch   1/20 | loss=0.684453 | time=24.9s
2026-03-19 18:35:45,299 | INFO | Epoch   2/20 | loss=0.683583 | time=23.8s
2026-03-19 18:36:09,028 | INFO | Epoch   3/20 | loss=0.683106 | time=23.7s
2026-03-19 18:36:32,832 | INFO | Epoch   4/20 | loss=0.679028 | time=23.8s
2026-03-19 18:36:56,505 | INFO | Epoch   5/20 | loss=0.664344 | time=23.7s
2026-03-19 18:37:20,291 | INFO | Epoch   6/20 | loss=0.643997 | time=23.8s
2026-03-19 18:37:44,002 | INFO | Epoch   7/20 | loss=0.619690 | time=23.7s
2026-03-19 18:38:07,829 | INFO | Epoch   8/20 | loss=0.592856 | time=23.8s
2026-03-19 18:38:31,612 | INFO | Epoch   9/20 | loss=0.565937 | time=23.8s
2026-03-19 18:38:56,425 | INFO | Epoch  10/20 | loss=0.540106 | time=24.8s
2026-03-19 18:39:20,108 | INFO | Epoch  11/20 | loss=0.517838 | time=23.7s
2026-03-19 18:39:43,897 | INFO | Epoch  12/20 | loss=0.498793 | time=23.8s
2026-03-19 18:40:07,559 | INFO | Epoch  13/20 | loss=0.483090 | time=23.7s
2026-03-19 18:40:31,280 | INFO | Epoch  14/20 | loss=0.469923 | time=23.7s
2026-03-19 18:40:55,059 | INFO | Epoch  15/20 | loss=0.457810 | time=23.8s
2026-03-19 18:41:18,862 | INFO | Epoch  16/20 | loss=0.447516 | time=23.8s
2026-03-19 18:41:42,545 | INFO | Epoch  17/20 | loss=0.438404 | time=23.7s
2026-03-19 18:42:06,303 | INFO | Epoch  18/20 | loss=0.429859 | time=23.8s
2026-03-19 18:42:29,964 | INFO | Epoch  19/20 | loss=0.422116 | time=23.7s
2026-03-19 18:42:53,722 | INFO | Epoch  20/20 | loss=0.414554 | time=23.8s
2026-03-19 18:42:53,722 | INFO | Training complete in 477.1s
2026-03-19 18:42:53,725 | INFO | Saved embeddings → train_logs/MF/2018-01-01_2018-06-30_20260319_183440_bpr_dim64
2026-03-19 18:42:53,823 | INFO | Loss curve saved → train_logs/MF/2018-01-01_2018-06-30_20260319_183440_bpr_dim64/loss_curve.png
2026-03-19 18:42:53,823 | INFO | Training run saved → train_logs/MF/2018-01-01_2018-06-30_20260319_183440_bpr_dim64
2026-03-19 18:42:53,823 | INFO | ============================================================
2026-03-19 18:42:53,823 | INFO | Starting multi-month evaluation ...
2026-03-19 18:42:53,823 | INFO | ============================================================
2026-03-19 18:42:54,130 | INFO | 
Eval window 1: 2018-06-30 → 2018-07-30
2026-03-19 18:42:55,629 | INFO |   Saved 76,600 recommendation rows → recs_window_01.csv
2026-03-19 18:42:55,767 | INFO |   Window 1 | min_ratings=10 | K= 5 | Recall@5=0.1059 | NDCG@5=0.1101 | users=376
2026-03-19 18:42:55,870 | INFO |   Window 1 | min_ratings=10 | K=10 | Recall@10=0.0960 | NDCG@10=0.1019 | users=376
2026-03-19 18:42:55,976 | INFO |   Window 1 | min_ratings=10 | K=20 | Recall@20=0.0975 | NDCG@20=0.0999 | users=376
2026-03-19 18:42:56,017 | INFO | 
Eval window 2: 2018-07-30 → 2018-08-30
2026-03-19 18:42:57,385 | INFO |   Saved 69,500 recommendation rows → recs_window_02.csv
2026-03-19 18:42:57,495 | INFO |   Window 2 | min_ratings=10 | K= 5 | Recall@5=0.0882 | NDCG@5=0.0916 | users=288
2026-03-19 18:42:57,574 | INFO |   Window 2 | min_ratings=10 | K=10 | Recall@10=0.0781 | NDCG@10=0.0836 | users=288
2026-03-19 18:42:57,655 | INFO |   Window 2 | min_ratings=10 | K=20 | Recall@20=0.0832 | NDCG@20=0.0838 | users=288
2026-03-19 18:42:57,692 | INFO | 
Eval window 3: 2018-08-30 → 2018-09-30
2026-03-19 18:42:58,939 | INFO |   Saved 62,900 recommendation rows → recs_window_03.csv
2026-03-19 18:42:59,033 | INFO |   Window 3 | min_ratings=10 | K= 5 | Recall@5=0.0717 | NDCG@5=0.0681 | users=237
2026-03-19 18:42:59,098 | INFO |   Window 3 | min_ratings=10 | K=10 | Recall@10=0.0650 | NDCG@10=0.0646 | users=237
2026-03-19 18:42:59,164 | INFO |   Window 3 | min_ratings=10 | K=20 | Recall@20=0.0699 | NDCG@20=0.0667 | users=237
2026-03-19 18:42:59,197 | INFO | 
Eval window 4: 2018-09-30 → 2018-10-30
2026-03-19 18:43:00,361 | INFO |   Saved 57,250 recommendation rows → recs_window_04.csv
2026-03-19 18:43:00,435 | INFO |   Window 4 | min_ratings=10 | K= 5 | Recall@5=0.0632 | NDCG@5=0.0639 | users=171
2026-03-19 18:43:00,482 | INFO |   Window 4 | min_ratings=10 | K=10 | Recall@10=0.0585 | NDCG@10=0.0605 | users=171
2026-03-19 18:43:00,530 | INFO |   Window 4 | min_ratings=10 | K=20 | Recall@20=0.0666 | NDCG@20=0.0636 | users=171
2026-03-19 18:43:00,560 | INFO | 
Eval window 5: 2018-10-30 → 2018-11-30
2026-03-19 18:43:01,721 | INFO |   Saved 58,200 recommendation rows → recs_window_05.csv
2026-03-19 18:43:01,805 | INFO |   Window 5 | min_ratings=10 | K= 5 | Recall@5=0.0517 | NDCG@5=0.0542 | users=209
2026-03-19 18:43:01,862 | INFO |   Window 5 | min_ratings=10 | K=10 | Recall@10=0.0522 | NDCG@10=0.0536 | users=209
2026-03-19 18:43:01,920 | INFO |   Window 5 | min_ratings=10 | K=20 | Recall@20=0.0531 | NDCG@20=0.0530 | users=209
2026-03-19 18:43:01,951 | INFO | 
Eval summary saved → train_logs/MF/2018-01-01_2018-06-30_20260319_183440_bpr_dim64/eval_summary.csv
2026-03-19 18:43:02,042 | INFO | Plot saved → train_logs/MF/2018-01-01_2018-06-30_20260319_183440_bpr_dim64/recall_over_time.png
2026-03-19 18:43:02,130 | INFO | Plot saved → train_logs/MF/2018-01-01_2018-06-30_20260319_183440_bpr_dim64/ndcg_over_time.png
2026-03-19 18:43:02,130 | INFO | 
All done. Everything saved in: train_logs/MF/2018-01-01_2018-06-30_20260319_183440_bpr_dim64
