2026-03-19 18:26:30,613 | INFO | Run: 20260319_182630 | loss=mse | dim=64 | lr=0.005 | reg1=0.01 | reg2=0.01
2026-03-19 18:26:30,613 | INFO | Log dir: train_logs/MF/2010-01-01_2010-06-30_20260319_182630_mse_dim64
2026-03-19 18:26:46,662 | INFO | Loading data from 2010-01-01 to 2010-06-30 ...
2026-03-19 18:26:46,769 | INFO | Raw interactions: 392,511
2026-03-19 18:26:46,778 | INFO | After rating >= 3.0: 317,796
2026-03-19 18:26:46,815 | INFO | After co-filtering (iters=5): 289,569 interactions | 4,329 users | 3,693 items
2026-03-19 18:26:46,892 | INFO | Encoded 4,329 users and 3,693 items
2026-03-19 18:26:46,900 | INFO | Model initialised | mu=3.9156
2026-03-19 18:26:48,046 | INFO | Epoch   1/20 | loss=0.341047 | time=1.1s
2026-03-19 18:26:48,192 | INFO | Epoch   2/20 | loss=0.304836 | time=0.1s
2026-03-19 18:26:48,336 | INFO | Epoch   3/20 | loss=0.292939 | time=0.1s
2026-03-19 18:26:48,480 | INFO | Epoch   4/20 | loss=0.286531 | time=0.1s
2026-03-19 18:26:48,626 | INFO | Epoch   5/20 | loss=0.282536 | time=0.1s
2026-03-19 18:26:48,771 | INFO | Epoch   6/20 | loss=0.279758 | time=0.1s
2026-03-19 18:26:48,915 | INFO | Epoch   7/20 | loss=0.277699 | time=0.1s
2026-03-19 18:26:49,058 | INFO | Epoch   8/20 | loss=0.276156 | time=0.1s
2026-03-19 18:26:49,201 | INFO | Epoch   9/20 | loss=0.274944 | time=0.1s
2026-03-19 18:26:49,344 | INFO | Epoch  10/20 | loss=0.273967 | time=0.1s
2026-03-19 18:26:49,487 | INFO | Epoch  11/20 | loss=0.273167 | time=0.1s
2026-03-19 18:26:49,630 | INFO | Epoch  12/20 | loss=0.272507 | time=0.1s
2026-03-19 18:26:49,773 | INFO | Epoch  13/20 | loss=0.271980 | time=0.1s
2026-03-19 18:26:49,915 | INFO | Epoch  14/20 | loss=0.271486 | time=0.1s
2026-03-19 18:26:50,058 | INFO | Epoch  15/20 | loss=0.271062 | time=0.1s
2026-03-19 18:26:50,201 | INFO | Epoch  16/20 | loss=0.270718 | time=0.1s
2026-03-19 18:26:50,344 | INFO | Epoch  17/20 | loss=0.270375 | time=0.1s
2026-03-19 18:26:50,486 | INFO | Epoch  18/20 | loss=0.270070 | time=0.1s
2026-03-19 18:26:50,629 | INFO | Epoch  19/20 | loss=0.269785 | time=0.1s
2026-03-19 18:26:50,772 | INFO | Epoch  20/20 | loss=0.269525 | time=0.1s
2026-03-19 18:26:50,772 | INFO | Training complete in 3.9s
2026-03-19 18:26:50,773 | INFO | Saved embeddings → train_logs/MF/2010-01-01_2010-06-30_20260319_182630_mse_dim64
2026-03-19 18:26:50,881 | INFO | Loss curve saved → train_logs/MF/2010-01-01_2010-06-30_20260319_182630_mse_dim64/loss_curve.png
2026-03-19 18:26:50,881 | INFO | Training run saved → train_logs/MF/2010-01-01_2010-06-30_20260319_182630_mse_dim64
2026-03-19 18:26:50,881 | INFO | ============================================================
2026-03-19 18:26:50,881 | INFO | Starting multi-month evaluation ...
2026-03-19 18:26:50,881 | INFO | ============================================================
2026-03-19 18:26:51,062 | INFO | 
Eval window 1: 2010-06-30 → 2010-07-30
2026-03-19 18:26:51,978 | INFO |   Saved 53,850 recommendation rows → recs_window_01.csv
2026-03-19 18:26:52,065 | INFO |   Window 1 | min_ratings=10 | K= 5 | Recall@5=0.0114 | NDCG@5=0.0123 | users=228
2026-03-19 18:26:52,127 | INFO |   Window 1 | min_ratings=10 | K=10 | Recall@10=0.0171 | NDCG@10=0.0159 | users=228
2026-03-19 18:26:52,190 | INFO |   Window 1 | min_ratings=10 | K=20 | Recall@20=0.0263 | NDCG@20=0.0216 | users=228
2026-03-19 18:26:52,218 | INFO | 
Eval window 2: 2010-07-30 → 2010-08-30
2026-03-19 18:26:53,130 | INFO |   Saved 51,800 recommendation rows → recs_window_02.csv
2026-03-19 18:26:53,216 | INFO |   Window 2 | min_ratings=10 | K= 5 | Recall@5=0.0183 | NDCG@5=0.0206 | users=230
2026-03-19 18:26:53,279 | INFO |   Window 2 | min_ratings=10 | K=10 | Recall@10=0.0235 | NDCG@10=0.0236 | users=230
2026-03-19 18:26:53,342 | INFO |   Window 2 | min_ratings=10 | K=20 | Recall@20=0.0328 | NDCG@20=0.0291 | users=230
2026-03-19 18:26:53,369 | INFO | 
Eval window 3: 2010-08-30 → 2010-09-30
2026-03-19 18:26:54,206 | INFO |   Saved 48,650 recommendation rows → recs_window_03.csv
2026-03-19 18:26:54,275 | INFO |   Window 3 | min_ratings=10 | K= 5 | Recall@5=0.0108 | NDCG@5=0.0100 | users=167
2026-03-19 18:26:54,321 | INFO |   Window 3 | min_ratings=10 | K=10 | Recall@10=0.0186 | NDCG@10=0.0160 | users=167
2026-03-19 18:26:54,367 | INFO |   Window 3 | min_ratings=10 | K=20 | Recall@20=0.0234 | NDCG@20=0.0197 | users=167
2026-03-19 18:26:54,393 | INFO | 
Eval window 4: 2010-09-30 → 2010-10-30
2026-03-19 18:26:55,131 | INFO |   Saved 42,300 recommendation rows → recs_window_04.csv
2026-03-19 18:26:55,192 | INFO |   Window 4 | min_ratings=10 | K= 5 | Recall@5=0.0106 | NDCG@5=0.0108 | users=151
2026-03-19 18:26:55,232 | INFO |   Window 4 | min_ratings=10 | K=10 | Recall@10=0.0238 | NDCG@10=0.0200 | users=151
2026-03-19 18:26:55,273 | INFO |   Window 4 | min_ratings=10 | K=20 | Recall@20=0.0283 | NDCG@20=0.0236 | users=151
2026-03-19 18:26:55,294 | INFO | 
Eval window 5: 2010-10-30 → 2010-11-30
2026-03-19 18:26:56,037 | INFO |   Saved 42,050 recommendation rows → recs_window_05.csv
2026-03-19 18:26:56,086 | INFO |   Window 5 | min_ratings=10 | K= 5 | Recall@5=0.0108 | NDCG@5=0.0119 | users=111
2026-03-19 18:26:56,116 | INFO |   Window 5 | min_ratings=10 | K=10 | Recall@10=0.0135 | NDCG@10=0.0136 | users=111
2026-03-19 18:26:56,146 | INFO |   Window 5 | min_ratings=10 | K=20 | Recall@20=0.0229 | NDCG@20=0.0189 | users=111
2026-03-19 18:26:56,168 | INFO | 
Eval summary saved → train_logs/MF/2010-01-01_2010-06-30_20260319_182630_mse_dim64/eval_summary.csv
2026-03-19 18:26:56,258 | INFO | Plot saved → train_logs/MF/2010-01-01_2010-06-30_20260319_182630_mse_dim64/recall_over_time.png
2026-03-19 18:26:56,354 | INFO | Plot saved → train_logs/MF/2010-01-01_2010-06-30_20260319_182630_mse_dim64/ndcg_over_time.png
2026-03-19 18:26:56,354 | INFO | 
All done. Everything saved in: train_logs/MF/2010-01-01_2010-06-30_20260319_182630_mse_dim64
