2026-04-01 23:47:42,898 | INFO | Run: 20260401_234742 | loss=bpr | dim=64 | lr=0.005 | reg1=0.01 | reg2=0.01
2026-04-01 23:47:42,898 | INFO | Log dir: train_logs/MF/2018-01-01_2018-06-30_20260401_234742_bpr_dim64
2026-04-01 23:48:00,657 | INFO | Loading data from 2018-01-01 to 2018-06-30 ...
2026-04-01 23:48:00,770 | INFO | Raw interactions: 651,633
2026-04-01 23:48:00,781 | INFO | After rating >= 3.0: 532,709
2026-04-01 23:48:00,833 | INFO | After co-filtering (iters=4): 505,750 interactions | 7,218 users | 7,391 items
2026-04-01 23:48:00,972 | INFO | Encoded 7,218 users and 7,391 items
2026-04-01 23:48:00,987 | INFO | Model initialised | mu=3.9786
2026-04-01 23:48:01,011 | INFO | Building per-user positive sets for negative sampling ...
2026-04-01 23:48:35,252 | INFO | Epoch   1/20 | loss=0.684995 | time=34.0s
2026-04-01 23:49:09,372 | INFO | Epoch   2/20 | loss=0.684064 | time=34.1s
2026-04-01 23:49:43,438 | INFO | Epoch   3/20 | loss=0.683292 | time=34.1s
2026-04-01 23:50:21,336 | INFO | Epoch   4/20 | loss=0.676690 | time=37.9s
2026-04-01 23:51:02,937 | INFO | Epoch   5/20 | loss=0.658981 | time=41.6s
2026-04-01 23:51:45,521 | INFO | Epoch   6/20 | loss=0.638521 | time=42.6s
2026-04-01 23:52:18,646 | INFO | Epoch   7/20 | loss=0.614084 | time=33.1s
2026-04-01 23:52:53,301 | INFO | Epoch   8/20 | loss=0.587641 | time=34.7s
2026-04-01 23:53:27,759 | INFO | Epoch   9/20 | loss=0.560890 | time=34.5s
2026-04-01 23:54:01,982 | INFO | Epoch  10/20 | loss=0.535570 | time=34.2s
2026-04-01 23:54:43,262 | INFO | Epoch  11/20 | loss=0.514035 | time=41.3s
2026-04-01 23:55:28,124 | INFO | Epoch  12/20 | loss=0.495636 | time=44.9s
2026-04-01 23:56:09,541 | INFO | Epoch  13/20 | loss=0.480318 | time=41.4s
2026-04-01 23:56:41,968 | INFO | Epoch  14/20 | loss=0.466623 | time=32.4s
2026-04-01 23:57:14,618 | INFO | Epoch  15/20 | loss=0.454518 | time=32.6s
2026-04-01 23:57:47,236 | INFO | Epoch  16/20 | loss=0.443978 | time=32.6s
2026-04-01 23:58:19,582 | INFO | Epoch  17/20 | loss=0.434900 | time=32.3s
2026-04-01 23:58:53,905 | INFO | Epoch  18/20 | loss=0.425984 | time=34.3s
2026-04-01 23:59:28,355 | INFO | Epoch  19/20 | loss=0.418239 | time=34.4s
2026-04-02 00:00:02,453 | INFO | Epoch  20/20 | loss=0.410527 | time=34.1s
2026-04-02 00:00:02,453 | INFO | Training complete in 721.2s
2026-04-02 00:00:02,456 | INFO | Saved embeddings → train_logs/MF/2018-01-01_2018-06-30_20260401_234742_bpr_dim64
2026-04-02 00:00:02,564 | INFO | Loss curve saved → train_logs/MF/2018-01-01_2018-06-30_20260401_234742_bpr_dim64/loss_curve.png
2026-04-02 00:00:02,564 | INFO | Training run saved → train_logs/MF/2018-01-01_2018-06-30_20260401_234742_bpr_dim64
2026-04-02 00:00:02,564 | INFO | ============================================================
2026-04-02 00:00:02,564 | INFO | Starting multi-month evaluation ...
2026-04-02 00:00:02,564 | INFO | ============================================================
2026-04-02 00:00:02,852 | INFO | 
Eval window 1: 2018-06-30 → 2018-07-30
2026-04-02 00:00:15,399 | INFO |   Saved 1,060,800 recommendation rows → recs_window_01.csv
2026-04-02 00:00:16,883 | INFO |   Window 1 | min_ratings= 5 | K= 5 | Recall@5=0.0741 | NDCG@5=0.0772 | users=856
2026-04-02 00:00:18,265 | INFO |   Window 1 | min_ratings= 5 | K=10 | Recall@10=0.0742 | NDCG@10=0.0758 | users=856
2026-04-02 00:00:18,888 | INFO |   Window 1 | min_ratings= 5 | K=20 | Recall@20=0.0884 | NDCG@20=0.0812 | users=856
2026-04-02 00:00:19,467 | INFO |   Window 1 | min_ratings= 5 | K=100 | Recall@100=0.2050 | NDCG@100=0.1244 | users=856
2026-04-02 00:00:20,114 | INFO |   Window 1 | min_ratings= 5 | K=300 | Recall@300=0.3374 | NDCG@300=0.1670 | users=856
2026-04-02 00:00:20,779 | INFO |   Window 1 | min_ratings= 5 | K=500 | Recall@500=0.4150 | NDCG@500=0.1892 | users=856
2026-04-02 00:00:20,830 | INFO | 
Eval window 2: 2018-07-30 → 2018-08-30
2026-04-02 00:00:29,373 | INFO |   Saved 969,600 recommendation rows → recs_window_02.csv
2026-04-02 00:00:30,013 | INFO |   Window 2 | min_ratings= 5 | K= 5 | Recall@5=0.0581 | NDCG@5=0.0580 | users=719
2026-04-02 00:00:30,595 | INFO |   Window 2 | min_ratings= 5 | K=10 | Recall@10=0.0554 | NDCG@10=0.0552 | users=719
2026-04-02 00:00:31,224 | INFO |   Window 2 | min_ratings= 5 | K=20 | Recall@20=0.0779 | NDCG@20=0.0649 | users=719
2026-04-02 00:00:31,912 | INFO |   Window 2 | min_ratings= 5 | K=100 | Recall@100=0.1850 | NDCG@100=0.1053 | users=719
2026-04-02 00:00:32,557 | INFO |   Window 2 | min_ratings= 5 | K=300 | Recall@300=0.3129 | NDCG@300=0.1443 | users=719
2026-04-02 00:00:33,253 | INFO |   Window 2 | min_ratings= 5 | K=500 | Recall@500=0.3935 | NDCG@500=0.1662 | users=719
2026-04-02 00:00:33,388 | INFO | 
Eval window 3: 2018-08-30 → 2018-09-30
2026-04-02 00:00:43,014 | INFO |   Saved 876,000 recommendation rows → recs_window_03.csv
2026-04-02 00:00:43,383 | INFO |   Window 3 | min_ratings= 5 | K= 5 | Recall@5=0.0542 | NDCG@5=0.0569 | users=601
2026-04-02 00:00:43,698 | INFO |   Window 3 | min_ratings= 5 | K=10 | Recall@10=0.0531 | NDCG@10=0.0542 | users=601
2026-04-02 00:00:44,019 | INFO |   Window 3 | min_ratings= 5 | K=20 | Recall@20=0.0734 | NDCG@20=0.0626 | users=601
2026-04-02 00:00:44,365 | INFO |   Window 3 | min_ratings= 5 | K=100 | Recall@100=0.1787 | NDCG@100=0.1012 | users=601
2026-04-02 00:00:44,729 | INFO |   Window 3 | min_ratings= 5 | K=300 | Recall@300=0.3031 | NDCG@300=0.1398 | users=601
2026-04-02 00:00:45,108 | INFO |   Window 3 | min_ratings= 5 | K=500 | Recall@500=0.3823 | NDCG@500=0.1616 | users=601
2026-04-02 00:00:45,148 | INFO | 
Eval window 4: 2018-09-30 → 2018-10-30
2026-04-02 00:00:55,337 | INFO |   Saved 805,800 recommendation rows → recs_window_04.csv
2026-04-02 00:00:55,782 | INFO |   Window 4 | min_ratings= 5 | K= 5 | Recall@5=0.0407 | NDCG@5=0.0396 | users=521
2026-04-02 00:00:56,281 | INFO |   Window 4 | min_ratings= 5 | K=10 | Recall@10=0.0455 | NDCG@10=0.0421 | users=521
2026-04-02 00:00:56,679 | INFO |   Window 4 | min_ratings= 5 | K=20 | Recall@20=0.0618 | NDCG@20=0.0496 | users=521
2026-04-02 00:00:57,092 | INFO |   Window 4 | min_ratings= 5 | K=100 | Recall@100=0.1635 | NDCG@100=0.0875 | users=521
2026-04-02 00:00:57,540 | INFO |   Window 4 | min_ratings= 5 | K=300 | Recall@300=0.2894 | NDCG@300=0.1243 | users=521
2026-04-02 00:00:58,017 | INFO |   Window 4 | min_ratings= 5 | K=500 | Recall@500=0.3680 | NDCG@500=0.1447 | users=521
2026-04-02 00:00:58,071 | INFO | 
Eval window 5: 2018-10-30 → 2018-11-30
2026-04-02 00:01:05,004 | INFO |   Saved 824,400 recommendation rows → recs_window_05.csv
2026-04-02 00:01:05,414 | INFO |   Window 5 | min_ratings= 5 | K= 5 | Recall@5=0.0369 | NDCG@5=0.0352 | users=510
2026-04-02 00:01:05,803 | INFO |   Window 5 | min_ratings= 5 | K=10 | Recall@10=0.0425 | NDCG@10=0.0385 | users=510
2026-04-02 00:01:06,197 | INFO |   Window 5 | min_ratings= 5 | K=20 | Recall@20=0.0583 | NDCG@20=0.0457 | users=510
2026-04-02 00:01:06,606 | INFO |   Window 5 | min_ratings= 5 | K=100 | Recall@100=0.1434 | NDCG@100=0.0777 | users=510
2026-04-02 00:01:07,042 | INFO |   Window 5 | min_ratings= 5 | K=300 | Recall@300=0.2692 | NDCG@300=0.1167 | users=510
2026-04-02 00:01:07,506 | INFO |   Window 5 | min_ratings= 5 | K=500 | Recall@500=0.3494 | NDCG@500=0.1385 | users=510
2026-04-02 00:01:07,610 | INFO | 
Eval summary saved → train_logs/MF/2018-01-01_2018-06-30_20260401_234742_bpr_dim64/eval_summary.csv
2026-04-02 00:01:07,828 | INFO | Plot saved → train_logs/MF/2018-01-01_2018-06-30_20260401_234742_bpr_dim64/recall_over_time.png
2026-04-02 00:01:07,998 | INFO | Plot saved → train_logs/MF/2018-01-01_2018-06-30_20260401_234742_bpr_dim64/ndcg_over_time.png
2026-04-02 00:01:07,998 | INFO | 
All done. Everything saved in: train_logs/MF/2018-01-01_2018-06-30_20260401_234742_bpr_dim64
