2026-03-19 18:28:40,598 | INFO | Run: 20260319_182840 | loss=mse | dim=64 | lr=0.005 | reg1=0.01 | reg2=0.01
2026-03-19 18:28:40,598 | INFO | Log dir: train_logs/MF/2015-01-01_2015-06-30_20260319_182840_mse_dim64
2026-03-19 18:28:58,956 | INFO | Loading data from 2015-01-01 to 2015-06-30 ...
2026-03-19 18:28:59,063 | INFO | Raw interactions: 562,759
2026-03-19 18:28:59,072 | INFO | After rating >= 3.0: 452,477
2026-03-19 18:28:59,123 | INFO | After co-filtering (iters=5): 419,146 interactions | 5,547 users | 4,363 items
2026-03-19 18:28:59,236 | INFO | Encoded 5,547 users and 4,363 items
2026-03-19 18:28:59,247 | INFO | Model initialised | mu=3.9477
2026-03-19 18:29:00,432 | INFO | Epoch   1/20 | loss=0.370805 | time=1.2s
2026-03-19 18:29:00,642 | INFO | Epoch   2/20 | loss=0.332554 | time=0.2s
2026-03-19 18:29:00,850 | INFO | Epoch   3/20 | loss=0.319786 | time=0.2s
2026-03-19 18:29:01,060 | INFO | Epoch   4/20 | loss=0.312916 | time=0.2s
2026-03-19 18:29:01,268 | INFO | Epoch   5/20 | loss=0.308628 | time=0.2s
2026-03-19 18:29:01,479 | INFO | Epoch   6/20 | loss=0.305704 | time=0.2s
2026-03-19 18:29:01,687 | INFO | Epoch   7/20 | loss=0.303602 | time=0.2s
2026-03-19 18:29:01,897 | INFO | Epoch   8/20 | loss=0.302083 | time=0.2s
2026-03-19 18:29:02,105 | INFO | Epoch   9/20 | loss=0.300827 | time=0.2s
2026-03-19 18:29:02,316 | INFO | Epoch  10/20 | loss=0.299879 | time=0.2s
2026-03-19 18:29:02,524 | INFO | Epoch  11/20 | loss=0.299097 | time=0.2s
2026-03-19 18:29:02,734 | INFO | Epoch  12/20 | loss=0.298440 | time=0.2s
2026-03-19 18:29:02,942 | INFO | Epoch  13/20 | loss=0.297903 | time=0.2s
2026-03-19 18:29:03,153 | INFO | Epoch  14/20 | loss=0.297391 | time=0.2s
2026-03-19 18:29:03,361 | INFO | Epoch  15/20 | loss=0.296952 | time=0.2s
2026-03-19 18:29:03,571 | INFO | Epoch  16/20 | loss=0.296530 | time=0.2s
2026-03-19 18:29:03,779 | INFO | Epoch  17/20 | loss=0.296148 | time=0.2s
2026-03-19 18:29:03,990 | INFO | Epoch  18/20 | loss=0.295718 | time=0.2s
2026-03-19 18:29:04,198 | INFO | Epoch  19/20 | loss=0.295297 | time=0.2s
2026-03-19 18:29:04,408 | INFO | Epoch  20/20 | loss=0.294840 | time=0.2s
2026-03-19 18:29:04,408 | INFO | Training complete in 5.2s
2026-03-19 18:29:04,410 | INFO | Saved embeddings → train_logs/MF/2015-01-01_2015-06-30_20260319_182840_mse_dim64
2026-03-19 18:29:04,515 | INFO | Loss curve saved → train_logs/MF/2015-01-01_2015-06-30_20260319_182840_mse_dim64/loss_curve.png
2026-03-19 18:29:04,515 | INFO | Training run saved → train_logs/MF/2015-01-01_2015-06-30_20260319_182840_mse_dim64
2026-03-19 18:29:04,515 | INFO | ============================================================
2026-03-19 18:29:04,515 | INFO | Starting multi-month evaluation ...
2026-03-19 18:29:04,515 | INFO | ============================================================
2026-03-19 18:29:04,757 | INFO | 
Eval window 1: 2015-06-30 → 2015-07-30
2026-03-19 18:29:05,776 | INFO |   Saved 54,500 recommendation rows → recs_window_01.csv
2026-03-19 18:29:05,884 | INFO |   Window 1 | min_ratings=10 | K= 5 | Recall@5=0.0033 | NDCG@5=0.0028 | users=303
2026-03-19 18:29:05,966 | INFO |   Window 1 | min_ratings=10 | K=10 | Recall@10=0.0050 | NDCG@10=0.0041 | users=303
2026-03-19 18:29:06,049 | INFO |   Window 1 | min_ratings=10 | K=20 | Recall@20=0.0055 | NDCG@20=0.0047 | users=303
2026-03-19 18:29:06,080 | INFO | 
Eval window 2: 2015-07-30 → 2015-08-30
2026-03-19 18:29:07,010 | INFO |   Saved 48,600 recommendation rows → recs_window_02.csv
2026-03-19 18:29:07,100 | INFO |   Window 2 | min_ratings=10 | K= 5 | Recall@5=0.0009 | NDCG@5=0.0015 | users=233
2026-03-19 18:29:07,163 | INFO |   Window 2 | min_ratings=10 | K=10 | Recall@10=0.0034 | NDCG@10=0.0030 | users=233
2026-03-19 18:29:07,227 | INFO |   Window 2 | min_ratings=10 | K=20 | Recall@20=0.0035 | NDCG@20=0.0032 | users=233
2026-03-19 18:29:07,253 | INFO | 
Eval window 3: 2015-08-30 → 2015-09-30
2026-03-19 18:29:08,156 | INFO |   Saved 46,500 recommendation rows → recs_window_03.csv
2026-03-19 18:29:08,238 | INFO |   Window 3 | min_ratings=10 | K= 5 | Recall@5=0.0009 | NDCG@5=0.0007 | users=216
2026-03-19 18:29:08,297 | INFO |   Window 3 | min_ratings=10 | K=10 | Recall@10=0.0023 | NDCG@10=0.0017 | users=216
2026-03-19 18:29:08,356 | INFO |   Window 3 | min_ratings=10 | K=20 | Recall@20=0.0028 | NDCG@20=0.0022 | users=216
2026-03-19 18:29:08,381 | INFO | 
Eval window 4: 2015-09-30 → 2015-10-30
2026-03-19 18:29:09,258 | INFO |   Saved 46,200 recommendation rows → recs_window_04.csv
2026-03-19 18:29:09,336 | INFO |   Window 4 | min_ratings=10 | K= 5 | Recall@5=0.0020 | NDCG@5=0.0025 | users=198
2026-03-19 18:29:09,390 | INFO |   Window 4 | min_ratings=10 | K=10 | Recall@10=0.0056 | NDCG@10=0.0048 | users=198
2026-03-19 18:29:09,446 | INFO |   Window 4 | min_ratings=10 | K=20 | Recall@20=0.0057 | NDCG@20=0.0050 | users=198
2026-03-19 18:29:09,471 | INFO | 
Eval window 5: 2015-10-30 → 2015-11-30
2026-03-19 18:29:10,332 | INFO |   Saved 41,900 recommendation rows → recs_window_05.csv
2026-03-19 18:29:10,395 | INFO |   Window 5 | min_ratings=10 | K= 5 | Recall@5=0.0000 | NDCG@5=0.0000 | users=157
2026-03-19 18:29:10,438 | INFO |   Window 5 | min_ratings=10 | K=10 | Recall@10=0.0025 | NDCG@10=0.0018 | users=157
2026-03-19 18:29:10,481 | INFO |   Window 5 | min_ratings=10 | K=20 | Recall@20=0.0029 | NDCG@20=0.0022 | users=157
2026-03-19 18:29:10,503 | INFO | 
Eval summary saved → train_logs/MF/2015-01-01_2015-06-30_20260319_182840_mse_dim64/eval_summary.csv
2026-03-19 18:29:10,595 | INFO | Plot saved → train_logs/MF/2015-01-01_2015-06-30_20260319_182840_mse_dim64/recall_over_time.png
2026-03-19 18:29:10,685 | INFO | Plot saved → train_logs/MF/2015-01-01_2015-06-30_20260319_182840_mse_dim64/ndcg_over_time.png
2026-03-19 18:29:10,685 | INFO | 
All done. Everything saved in: train_logs/MF/2015-01-01_2015-06-30_20260319_182840_mse_dim64
