2026-03-19 19:47:10,382 | INFO | Run: 20260319_194710 | loss=bpr | dim=64 | lr=0.005 | reg1=0.01 | reg2=0.01
2026-03-19 19:47:10,382 | INFO | Log dir: train_logs/MF/2018-01-01_2018-06-30_20260319_194710_bpr_dim64
2026-03-19 19:47:25,717 | INFO | Loading data from 2018-01-01 to 2018-06-30 ...
2026-03-19 19:47:25,829 | INFO | Raw interactions: 651,633
2026-03-19 19:47:25,838 | INFO | After rating >= 3.0: 532,709
2026-03-19 19:47:25,900 | INFO | After co-filtering (iters=5): 482,685 interactions | 6,245 users | 4,892 items
2026-03-19 19:47:26,032 | INFO | Encoded 6,245 users and 4,892 items
2026-03-19 19:47:26,043 | INFO | Model initialised | mu=3.9852
2026-03-19 19:47:26,062 | INFO | Building per-user positive sets for negative sampling ...
2026-03-19 19:47:51,137 | INFO | Epoch   1/50 | loss=0.684282 | time=24.8s
2026-03-19 19:48:15,032 | INFO | Epoch   2/50 | loss=0.683520 | time=23.9s
2026-03-19 19:48:38,820 | INFO | Epoch   3/50 | loss=0.683143 | time=23.8s
2026-03-19 19:49:02,690 | INFO | Epoch   4/50 | loss=0.679305 | time=23.9s
2026-03-19 19:49:26,434 | INFO | Epoch   5/50 | loss=0.664734 | time=23.7s
2026-03-19 19:49:50,268 | INFO | Epoch   6/50 | loss=0.644038 | time=23.8s
2026-03-19 19:50:14,019 | INFO | Epoch   7/50 | loss=0.619068 | time=23.8s
2026-03-19 19:50:37,843 | INFO | Epoch   8/50 | loss=0.591070 | time=23.8s
2026-03-19 19:51:01,534 | INFO | Epoch   9/50 | loss=0.562998 | time=23.7s
2026-03-19 19:51:25,383 | INFO | Epoch  10/50 | loss=0.536914 | time=23.8s
2026-03-19 19:51:49,117 | INFO | Epoch  11/50 | loss=0.514355 | time=23.7s
2026-03-19 19:52:12,961 | INFO | Epoch  12/50 | loss=0.496179 | time=23.8s
2026-03-19 19:52:36,747 | INFO | Epoch  13/50 | loss=0.480896 | time=23.8s
2026-03-19 19:53:00,616 | INFO | Epoch  14/50 | loss=0.467811 | time=23.9s
2026-03-19 19:53:24,386 | INFO | Epoch  15/50 | loss=0.456338 | time=23.8s
2026-03-19 19:53:48,227 | INFO | Epoch  16/50 | loss=0.446038 | time=23.8s
2026-03-19 19:54:11,977 | INFO | Epoch  17/50 | loss=0.437586 | time=23.7s
2026-03-19 19:54:35,804 | INFO | Epoch  18/50 | loss=0.428779 | time=23.8s
2026-03-19 19:54:59,526 | INFO | Epoch  19/50 | loss=0.421158 | time=23.7s
2026-03-19 19:55:23,321 | INFO | Epoch  20/50 | loss=0.414466 | time=23.8s
2026-03-19 19:55:47,032 | INFO | Epoch  21/50 | loss=0.407441 | time=23.7s
2026-03-19 19:56:10,828 | INFO | Epoch  22/50 | loss=0.401359 | time=23.8s
2026-03-19 19:56:34,543 | INFO | Epoch  23/50 | loss=0.395760 | time=23.7s
2026-03-19 19:56:58,327 | INFO | Epoch  24/50 | loss=0.390108 | time=23.8s
2026-03-19 19:57:22,036 | INFO | Epoch  25/50 | loss=0.384859 | time=23.7s
2026-03-19 19:57:45,884 | INFO | Epoch  26/50 | loss=0.380249 | time=23.8s
2026-03-19 19:58:09,590 | INFO | Epoch  27/50 | loss=0.375476 | time=23.7s
2026-03-19 19:58:33,361 | INFO | Epoch  28/50 | loss=0.371098 | time=23.8s
2026-03-19 19:58:57,063 | INFO | Epoch  29/50 | loss=0.366624 | time=23.7s
2026-03-19 19:59:20,841 | INFO | Epoch  30/50 | loss=0.362902 | time=23.8s
2026-03-19 19:59:44,546 | INFO | Epoch  31/50 | loss=0.358639 | time=23.7s
2026-03-19 20:00:08,328 | INFO | Epoch  32/50 | loss=0.355076 | time=23.8s
2026-03-19 20:00:32,045 | INFO | Epoch  33/50 | loss=0.351385 | time=23.7s
2026-03-19 20:00:55,824 | INFO | Epoch  34/50 | loss=0.347861 | time=23.8s
2026-03-19 20:01:19,530 | INFO | Epoch  35/50 | loss=0.344213 | time=23.7s
2026-03-19 20:01:43,325 | INFO | Epoch  36/50 | loss=0.341038 | time=23.8s
2026-03-19 20:02:07,053 | INFO | Epoch  37/50 | loss=0.338309 | time=23.7s
2026-03-19 20:02:30,827 | INFO | Epoch  38/50 | loss=0.334839 | time=23.8s
2026-03-19 20:02:54,560 | INFO | Epoch  39/50 | loss=0.331706 | time=23.7s
2026-03-19 20:03:18,416 | INFO | Epoch  40/50 | loss=0.329340 | time=23.9s
2026-03-19 20:03:42,177 | INFO | Epoch  41/50 | loss=0.326267 | time=23.8s
2026-03-19 20:04:06,039 | INFO | Epoch  42/50 | loss=0.323354 | time=23.9s
2026-03-19 20:04:29,790 | INFO | Epoch  43/50 | loss=0.320605 | time=23.8s
2026-03-19 20:04:53,593 | INFO | Epoch  44/50 | loss=0.318532 | time=23.8s
2026-03-19 20:05:17,323 | INFO | Epoch  45/50 | loss=0.316011 | time=23.7s
2026-03-19 20:05:41,117 | INFO | Epoch  46/50 | loss=0.313863 | time=23.8s
2026-03-19 20:06:04,845 | INFO | Epoch  47/50 | loss=0.312073 | time=23.7s
2026-03-19 20:06:28,624 | INFO | Epoch  48/50 | loss=0.309776 | time=23.8s
2026-03-19 20:06:52,386 | INFO | Epoch  49/50 | loss=0.307556 | time=23.8s
2026-03-19 20:07:16,218 | INFO | Epoch  50/50 | loss=0.305850 | time=23.8s
2026-03-19 20:07:16,218 | INFO | Training complete in 1189.9s
2026-03-19 20:07:16,221 | INFO | Saved embeddings → train_logs/MF/2018-01-01_2018-06-30_20260319_194710_bpr_dim64
2026-03-19 20:07:16,326 | INFO | Loss curve saved → train_logs/MF/2018-01-01_2018-06-30_20260319_194710_bpr_dim64/loss_curve.png
2026-03-19 20:07:16,326 | INFO | Training run saved → train_logs/MF/2018-01-01_2018-06-30_20260319_194710_bpr_dim64
2026-03-19 20:07:16,326 | INFO | ============================================================
2026-03-19 20:07:16,326 | INFO | Starting multi-month evaluation ...
2026-03-19 20:07:16,326 | INFO | ============================================================
2026-03-19 20:07:16,639 | INFO | 
Eval window 1: 2018-06-30 → 2018-07-30
2026-03-19 20:07:18,165 | INFO |   Saved 76,600 recommendation rows → recs_window_01.csv
2026-03-19 20:07:18,303 | INFO |   Window 1 | min_ratings=10 | K= 5 | Recall@5=0.0840 | NDCG@5=0.0883 | users=376
2026-03-19 20:07:18,407 | INFO |   Window 1 | min_ratings=10 | K=10 | Recall@10=0.0758 | NDCG@10=0.0811 | users=376
2026-03-19 20:07:18,514 | INFO |   Window 1 | min_ratings=10 | K=20 | Recall@20=0.0765 | NDCG@20=0.0792 | users=376
2026-03-19 20:07:18,554 | INFO | 
Eval window 2: 2018-07-30 → 2018-08-30
2026-03-19 20:07:19,923 | INFO |   Saved 69,500 recommendation rows → recs_window_02.csv
2026-03-19 20:07:20,034 | INFO |   Window 2 | min_ratings=10 | K= 5 | Recall@5=0.0625 | NDCG@5=0.0651 | users=288
2026-03-19 20:07:20,113 | INFO |   Window 2 | min_ratings=10 | K=10 | Recall@10=0.0604 | NDCG@10=0.0627 | users=288
2026-03-19 20:07:20,195 | INFO |   Window 2 | min_ratings=10 | K=20 | Recall@20=0.0639 | NDCG@20=0.0635 | users=288
2026-03-19 20:07:20,231 | INFO | 
Eval window 3: 2018-08-30 → 2018-09-30
2026-03-19 20:07:21,521 | INFO |   Saved 62,900 recommendation rows → recs_window_03.csv
2026-03-19 20:07:21,617 | INFO |   Window 3 | min_ratings=10 | K= 5 | Recall@5=0.0414 | NDCG@5=0.0461 | users=237
2026-03-19 20:07:21,682 | INFO |   Window 3 | min_ratings=10 | K=10 | Recall@10=0.0439 | NDCG@10=0.0463 | users=237
2026-03-19 20:07:21,748 | INFO |   Window 3 | min_ratings=10 | K=20 | Recall@20=0.0530 | NDCG@20=0.0508 | users=237
2026-03-19 20:07:21,781 | INFO | 
Eval window 4: 2018-09-30 → 2018-10-30
2026-03-19 20:07:23,002 | INFO |   Saved 57,250 recommendation rows → recs_window_04.csv
2026-03-19 20:07:23,076 | INFO |   Window 4 | min_ratings=10 | K= 5 | Recall@5=0.0433 | NDCG@5=0.0421 | users=171
2026-03-19 20:07:23,123 | INFO |   Window 4 | min_ratings=10 | K=10 | Recall@10=0.0404 | NDCG@10=0.0404 | users=171
2026-03-19 20:07:23,171 | INFO |   Window 4 | min_ratings=10 | K=20 | Recall@20=0.0476 | NDCG@20=0.0446 | users=171
2026-03-19 20:07:23,200 | INFO | 
Eval window 5: 2018-10-30 → 2018-11-30
2026-03-19 20:07:24,406 | INFO |   Saved 58,200 recommendation rows → recs_window_05.csv
2026-03-19 20:07:24,490 | INFO |   Window 5 | min_ratings=10 | K= 5 | Recall@5=0.0431 | NDCG@5=0.0402 | users=209
2026-03-19 20:07:24,546 | INFO |   Window 5 | min_ratings=10 | K=10 | Recall@10=0.0359 | NDCG@10=0.0361 | users=209
2026-03-19 20:07:24,604 | INFO |   Window 5 | min_ratings=10 | K=20 | Recall@20=0.0396 | NDCG@20=0.0376 | users=209
2026-03-19 20:07:24,633 | INFO | 
Eval summary saved → train_logs/MF/2018-01-01_2018-06-30_20260319_194710_bpr_dim64/eval_summary.csv
2026-03-19 20:07:24,721 | INFO | Plot saved → train_logs/MF/2018-01-01_2018-06-30_20260319_194710_bpr_dim64/recall_over_time.png
2026-03-19 20:07:24,809 | INFO | Plot saved → train_logs/MF/2018-01-01_2018-06-30_20260319_194710_bpr_dim64/ndcg_over_time.png
2026-03-19 20:07:24,809 | INFO | 
All done. Everything saved in: train_logs/MF/2018-01-01_2018-06-30_20260319_194710_bpr_dim64
