2026-03-28 20:36:46,036 | INFO | Run: 20260328_203646 | loss=bpr | dim=64 | lr=0.005 | reg1=0.01 | reg2=0.01
2026-03-28 20:36:46,036 | INFO | Log dir: train_logs/MF/2017-01-01_2018-12-31_20260328_203646_bpr_dim64
2026-03-28 20:37:01,657 | INFO | Loading data from 2017-01-01 to 2018-12-31 ...
2026-03-28 20:37:01,833 | INFO | Raw interactions: 3,210,506
2026-03-28 20:37:01,873 | INFO | After rating >= 3.0: 2,610,244
2026-03-28 20:37:02,123 | INFO | After co-filtering (iters=4): 2,526,434 interactions | 20,902 users | 11,007 items
2026-03-28 20:37:02,804 | INFO | Encoded 20,902 users and 11,007 items
2026-03-28 20:37:02,838 | INFO | Model initialised | mu=3.9689
2026-03-28 20:37:02,927 | INFO | Building per-user positive sets for negative sampling ...
2026-03-28 20:40:47,159 | INFO | Epoch   1/30 | loss=0.678087 | time=223.2s
2026-03-28 20:44:22,329 | INFO | Epoch   2/30 | loss=0.670838 | time=215.2s
2026-03-28 20:47:57,184 | INFO | Epoch   3/30 | loss=0.631788 | time=214.9s
2026-03-28 20:51:32,195 | INFO | Epoch   4/30 | loss=0.587724 | time=215.0s
2026-03-28 20:55:22,435 | INFO | Epoch   5/30 | loss=0.543606 | time=230.2s
2026-03-28 20:59:07,226 | INFO | Epoch   6/30 | loss=0.506653 | time=224.8s
2026-03-28 21:02:41,973 | INFO | Epoch   7/30 | loss=0.480277 | time=214.7s
2026-03-28 21:06:17,070 | INFO | Epoch   8/30 | loss=0.461248 | time=215.1s
2026-03-28 21:09:51,809 | INFO | Epoch   9/30 | loss=0.446096 | time=214.7s
2026-03-28 21:13:26,898 | INFO | Epoch  10/30 | loss=0.434323 | time=215.1s
2026-03-28 21:17:01,714 | INFO | Epoch  11/30 | loss=0.424833 | time=214.8s
2026-03-28 21:20:36,817 | INFO | Epoch  12/30 | loss=0.416813 | time=215.1s
2026-03-28 21:24:11,619 | INFO | Epoch  13/30 | loss=0.409717 | time=214.8s
2026-03-28 21:27:46,754 | INFO | Epoch  14/30 | loss=0.403615 | time=215.1s
2026-03-28 21:31:53,854 | INFO | Epoch  15/30 | loss=0.397832 | time=247.1s
2026-03-28 21:35:29,030 | INFO | Epoch  16/30 | loss=0.392606 | time=215.2s
2026-03-28 21:39:03,959 | INFO | Epoch  17/30 | loss=0.388241 | time=214.9s
2026-03-28 21:42:39,198 | INFO | Epoch  18/30 | loss=0.383507 | time=215.2s
2026-03-28 21:46:14,116 | INFO | Epoch  19/30 | loss=0.379421 | time=214.9s
2026-03-28 21:49:49,310 | INFO | Epoch  20/30 | loss=0.375661 | time=215.2s
2026-03-28 21:53:24,378 | INFO | Epoch  21/30 | loss=0.372190 | time=215.1s
2026-03-28 21:56:59,705 | INFO | Epoch  22/30 | loss=0.369106 | time=215.3s
2026-03-28 22:00:47,085 | INFO | Epoch  23/30 | loss=0.365996 | time=227.4s
2026-03-28 22:04:41,234 | INFO | Epoch  24/30 | loss=0.363006 | time=234.1s
2026-03-28 22:08:16,009 | INFO | Epoch  25/30 | loss=0.360258 | time=214.8s
2026-03-28 22:11:51,107 | INFO | Epoch  26/30 | loss=0.357836 | time=215.1s
2026-03-28 22:15:26,053 | INFO | Epoch  27/30 | loss=0.355347 | time=214.9s
2026-03-28 22:19:01,221 | INFO | Epoch  28/30 | loss=0.353294 | time=215.2s
2026-03-28 22:22:36,207 | INFO | Epoch  29/30 | loss=0.350917 | time=215.0s
2026-03-28 22:26:11,467 | INFO | Epoch  30/30 | loss=0.348732 | time=215.3s
2026-03-28 22:26:11,468 | INFO | Training complete in 6547.5s
2026-03-28 22:26:11,473 | INFO | Saved embeddings → train_logs/MF/2017-01-01_2018-12-31_20260328_203646_bpr_dim64
2026-03-28 22:26:11,579 | INFO | Loss curve saved → train_logs/MF/2017-01-01_2018-12-31_20260328_203646_bpr_dim64/loss_curve.png
2026-03-28 22:26:11,579 | INFO | Training run saved → train_logs/MF/2017-01-01_2018-12-31_20260328_203646_bpr_dim64
2026-03-28 22:26:11,579 | INFO | ============================================================
2026-03-28 22:26:11,579 | INFO | Starting multi-month evaluation ...
2026-03-28 22:26:11,579 | INFO | ============================================================
2026-03-28 22:26:12,628 | INFO | 
Eval window 1: 2018-12-31 → 2019-01-31
2026-03-28 22:26:17,264 | INFO |   Saved 116,300 recommendation rows → recs_window_01.csv
2026-03-28 22:26:17,495 | INFO |   Window 1 | min_ratings=10 | K= 5 | Recall@5=0.0806 | NDCG@5=0.0821 | users=628
2026-03-28 22:26:17,673 | INFO |   Window 1 | min_ratings=10 | K=10 | Recall@10=0.0744 | NDCG@10=0.0774 | users=628
2026-03-28 22:26:17,857 | INFO |   Window 1 | min_ratings=10 | K=20 | Recall@20=0.0757 | NDCG@20=0.0765 | users=628
2026-03-28 22:26:17,921 | INFO | 
Eval window 2: 2019-01-31 → 2019-02-28
2026-03-28 22:26:21,589 | INFO |   Saved 92,900 recommendation rows → recs_window_02.csv
2026-03-28 22:26:21,740 | INFO |   Window 2 | min_ratings=10 | K= 5 | Recall@5=0.0719 | NDCG@5=0.0754 | users=392
2026-03-28 22:26:21,850 | INFO |   Window 2 | min_ratings=10 | K=10 | Recall@10=0.0696 | NDCG@10=0.0727 | users=392
2026-03-28 22:26:21,964 | INFO |   Window 2 | min_ratings=10 | K=20 | Recall@20=0.0730 | NDCG@20=0.0734 | users=392
2026-03-28 22:26:22,012 | INFO | 
Eval window 3: 2019-02-28 → 2019-03-31
2026-03-28 22:26:25,627 | INFO |   Saved 88,550 recommendation rows → recs_window_03.csv
2026-03-28 22:26:25,772 | INFO |   Window 3 | min_ratings=10 | K= 5 | Recall@5=0.0586 | NDCG@5=0.0645 | users=365
2026-03-28 22:26:25,876 | INFO |   Window 3 | min_ratings=10 | K=10 | Recall@10=0.0512 | NDCG@10=0.0573 | users=365
2026-03-28 22:26:25,983 | INFO |   Window 3 | min_ratings=10 | K=20 | Recall@20=0.0583 | NDCG@20=0.0596 | users=365
2026-03-28 22:26:26,030 | INFO | 
Eval window 4: 2019-03-31 → 2019-04-30
2026-03-28 22:26:29,302 | INFO |   Saved 80,700 recommendation rows → recs_window_04.csv
2026-03-28 22:26:29,560 | INFO |   Window 4 | min_ratings=10 | K= 5 | Recall@5=0.0762 | NDCG@5=0.0818 | users=294
2026-03-28 22:26:29,642 | INFO |   Window 4 | min_ratings=10 | K=10 | Recall@10=0.0677 | NDCG@10=0.0738 | users=294
2026-03-28 22:26:29,726 | INFO |   Window 4 | min_ratings=10 | K=20 | Recall@20=0.0681 | NDCG@20=0.0715 | users=294
2026-03-28 22:26:29,768 | INFO | 
Eval window 5: 2019-04-30 → 2019-05-31
2026-03-28 22:26:32,768 | INFO |   Saved 76,450 recommendation rows → recs_window_05.csv
2026-03-28 22:26:32,885 | INFO |   Window 5 | min_ratings=10 | K= 5 | Recall@5=0.0834 | NDCG@5=0.0888 | users=295
2026-03-28 22:26:32,967 | INFO |   Window 5 | min_ratings=10 | K=10 | Recall@10=0.0722 | NDCG@10=0.0791 | users=295
2026-03-28 22:26:33,050 | INFO |   Window 5 | min_ratings=10 | K=20 | Recall@20=0.0708 | NDCG@20=0.0753 | users=295
2026-03-28 22:26:33,091 | INFO | 
Eval summary saved → train_logs/MF/2017-01-01_2018-12-31_20260328_203646_bpr_dim64/eval_summary.csv
2026-03-28 22:26:33,186 | INFO | Plot saved → train_logs/MF/2017-01-01_2018-12-31_20260328_203646_bpr_dim64/recall_over_time.png
2026-03-28 22:26:33,278 | INFO | Plot saved → train_logs/MF/2017-01-01_2018-12-31_20260328_203646_bpr_dim64/ndcg_over_time.png
2026-03-28 22:26:33,278 | INFO | 
All done. Everything saved in: train_logs/MF/2017-01-01_2018-12-31_20260328_203646_bpr_dim64
